2025-07-28 15:44:52,071 [Worker-2: Loading available Gradle versions] INFO  o.e.b.c.i.u.g.PublishedGradleVersions - Gradle version information cache is not available. Remote download required.
2025-07-28 16:02:09,763 [Worker-53: Enabling Maven Dependency Management] ERROR o.e.m.c.i.URLConnectionCaches - Unexpected URLConnection defaultUseCaches enabled
2025-07-28 16:02:10,623 [Worker-53: Enabling Maven Dependency Management] INFO  o.e.m.c.i.l.LifecycleMappingFactory - Using org.eclipse.m2e.jdt.JarLifecycleMapping lifecycle mapping for MavenProject: com.wipro:servdemo:1.0 @ D:\Wipro\Code\ServLet\ServDemo\pom.xml.
2025-07-28 16:02:11,747 [Worker-53: Enabling Maven Dependency Management] ERROR o.e.m.c.i.URLConnectionCaches - Unexpected URLConnection defaultUseCaches enabled
2025-07-28 16:02:11,958 [Worker-53: Enabling Maven Dependency Management] INFO  o.e.m.j.i.AbstractJavaProjectConfigurator - Adding source folder /ServDemo/src/main/java
2025-07-28 16:02:11,960 [Worker-53: Enabling Maven Dependency Management] INFO  o.e.m.j.i.AbstractJavaProjectConfigurator - Adding resource folder /ServDemo/src/main/resources
2025-07-28 16:02:11,961 [Worker-53: Enabling Maven Dependency Management] INFO  o.e.m.j.i.AbstractJavaProjectConfigurator - Adding source folder /ServDemo/src/test/java
2025-07-28 16:02:11,964 [Worker-53: Enabling Maven Dependency Management] INFO  o.e.m.j.i.AbstractJavaProjectConfigurator - Adding resource folder /ServDemo/src/test/resources
2025-07-28 16:02:12,330 [Worker-53: Enabling Maven Dependency Management] INFO  o.e.m.c.i.p.ProjectConfigurationManager - Update started
2025-07-28 16:02:12,346 [Worker-53: Enabling Maven Dependency Management] ERROR o.e.m.c.i.URLConnectionCaches - Unexpected URLConnection defaultUseCaches enabled
2025-07-28 16:02:12,730 [Worker-53: Enabling Maven Dependency Management] INFO  o.e.m.c.i.l.LifecycleMappingFactory - Using org.eclipse.m2e.jdt.JarLifecycleMapping lifecycle mapping for MavenProject: com.wipro:servdemo:1.0 @ D:\Wipro\Code\ServLet\ServDemo\pom.xml.
2025-07-28 16:02:13,298 [Worker-53: Enabling Maven Dependency Management] ERROR o.e.m.c.i.URLConnectionCaches - Unexpected URLConnection defaultUseCaches enabled
2025-07-28 16:02:13,433 [Worker-53: Enabling Maven Dependency Management] INFO  o.e.m.j.i.AbstractJavaProjectConfigurator - Adding source folder /ServDemo/src/main/java
2025-07-28 16:02:13,435 [Worker-53: Enabling Maven Dependency Management] INFO  o.e.m.j.i.AbstractJavaProjectConfigurator - Adding resource folder /ServDemo/src/main/resources
2025-07-28 16:02:13,436 [Worker-53: Enabling Maven Dependency Management] INFO  o.e.m.j.i.AbstractJavaProjectConfigurator - Adding source folder /ServDemo/src/test/java
2025-07-28 16:02:13,437 [Worker-53: Enabling Maven Dependency Management] INFO  o.e.m.j.i.AbstractJavaProjectConfigurator - Adding resource folder /ServDemo/src/test/resources
2025-07-28 16:02:13,646 [Worker-53: Enabling Maven Dependency Management] INFO  o.e.m.c.i.p.ProjectConfigurationManager - Update completed for 1 poms: local refresh takes 0.00 sec, refresh facades takes 0.00 sec, update config takes 0.00 sec 
2025-07-28 16:02:13,763 [Worker-52: Building] ERROR o.e.m.c.i.URLConnectionCaches - Unexpected URLConnection defaultUseCaches enabled
2025-07-28 16:02:13,800 [Worker-52: Building] WARN  o.a.m.s.f.DefaultMavenResourcesFiltering - Using platform encoding (UTF-8 actually) to copy filtered resources, i.e. build is platform dependent!
2025-07-28 16:02:13,802 [Worker-52: Building] INFO  o.a.m.s.f.DefaultMavenResourcesFiltering - skip non existing resourceDirectory D:\Wipro\Code\ServLet\ServDemo\src\main\resources
2025-07-28 16:02:13,807 [Worker-52: Building] WARN  o.a.m.s.f.DefaultMavenResourcesFiltering - Using platform encoding (UTF-8 actually) to copy filtered resources, i.e. build is platform dependent!
2025-07-28 16:02:13,808 [Worker-52: Building] INFO  o.a.m.s.f.DefaultMavenResourcesFiltering - skip non existing resourceDirectory D:\Wipro\Code\ServLet\ServDemo\src\test\resources
2025-07-28 16:02:42,529 [Worker-48: Building] ERROR o.e.m.c.i.URLConnectionCaches - Unexpected URLConnection defaultUseCaches enabled
2025-07-28 16:02:42,742 [Worker-48: Building] INFO  o.e.m.c.i.l.LifecycleMappingFactory - Using org.eclipse.m2e.jdt.JarLifecycleMapping lifecycle mapping for MavenProject: com.wipro:servdemo:1.0 @ D:\Wipro\Code\ServLet\ServDemo\pom.xml.
2025-07-28 16:02:42,787 [Worker-48: Building] ERROR o.e.m.c.i.URLConnectionCaches - Unexpected URLConnection defaultUseCaches enabled
2025-07-28 16:02:42,895 [Worker-48: Building] WARN  o.a.m.s.f.DefaultMavenResourcesFiltering - Using platform encoding (UTF-8 actually) to copy filtered resources, i.e. build is platform dependent!
2025-07-28 16:02:42,896 [Worker-48: Building] INFO  o.a.m.s.f.DefaultMavenResourcesFiltering - skip non existing resourceDirectory D:\Wipro\Code\ServLet\ServDemo\src\main\resources
2025-07-28 16:02:42,901 [Worker-48: Building] WARN  o.a.m.s.f.DefaultMavenResourcesFiltering - Using platform encoding (UTF-8 actually) to copy filtered resources, i.e. build is platform dependent!
2025-07-28 16:02:42,902 [Worker-48: Building] INFO  o.a.m.s.f.DefaultMavenResourcesFiltering - skip non existing resourceDirectory D:\Wipro\Code\ServLet\ServDemo\src\test\resources
2025-07-28 16:04:13,428 [Worker-50: Building] ERROR o.e.m.c.i.URLConnectionCaches - Unexpected URLConnection defaultUseCaches enabled
2025-07-28 16:04:13,657 [Worker-50: Building] INFO  o.e.m.c.i.l.LifecycleMappingFactory - Using org.eclipse.m2e.jdt.JarLifecycleMapping lifecycle mapping for MavenProject: com.wipro:servdemo:1.0 @ D:\Wipro\Code\ServLet\ServDemo\pom.xml.
2025-07-28 16:04:13,855 [Worker-50: Building] INFO  o.e.m.c.i.e.AbstractTransferListenerAdapter - Downloading https://repo.maven.apache.org/maven2/jakarta/servlet/jakarta.servlet-api/6.0.0/jakarta.servlet-api-6.0.0.pom
2025-07-28 16:04:13,872 [Worker-50: Building] INFO  o.e.m.c.i.e.AbstractTransferListenerAdapter - Downloaded https://repo.maven.apache.org/maven2/jakarta/servlet/jakarta.servlet-api/6.0.0/jakarta.servlet-api-6.0.0.pom
2025-07-28 16:04:13,898 [Worker-50: Building] INFO  o.e.m.c.i.e.AbstractTransferListenerAdapter - Downloading https://repo.maven.apache.org/maven2/org/eclipse/ee4j/project/1.0.7/project-1.0.7.pom
2025-07-28 16:04:13,907 [Worker-50: Building] INFO  o.e.m.c.i.e.AbstractTransferListenerAdapter - Downloaded https://repo.maven.apache.org/maven2/org/eclipse/ee4j/project/1.0.7/project-1.0.7.pom
2025-07-28 16:04:13,930 [Worker-50: Building] INFO  o.e.m.c.i.e.AbstractTransferListenerAdapter - Downloading https://repo.maven.apache.org/maven2/jakarta/servlet/jakarta.servlet-api/6.0.0/jakarta.servlet-api-6.0.0.jar
2025-07-28 16:04:13,987 [Worker-50: Building] INFO  o.e.m.c.i.e.AbstractTransferListenerAdapter - Downloaded https://repo.maven.apache.org/maven2/jakarta/servlet/jakarta.servlet-api/6.0.0/jakarta.servlet-api-6.0.0.jar
2025-07-28 16:04:14,046 [Worker-50: Building] ERROR o.e.m.c.i.URLConnectionCaches - Unexpected URLConnection defaultUseCaches enabled
2025-07-28 16:04:14,141 [Worker-50: Building] WARN  o.a.m.s.f.DefaultMavenResourcesFiltering - Using platform encoding (UTF-8 actually) to copy filtered resources, i.e. build is platform dependent!
2025-07-28 16:04:14,141 [Worker-50: Building] INFO  o.a.m.s.f.DefaultMavenResourcesFiltering - skip non existing resourceDirectory D:\Wipro\Code\ServLet\ServDemo\src\main\resources
2025-07-28 16:04:14,146 [Worker-50: Building] WARN  o.a.m.s.f.DefaultMavenResourcesFiltering - Using platform encoding (UTF-8 actually) to copy filtered resources, i.e. build is platform dependent!
2025-07-28 16:04:14,146 [Worker-50: Building] INFO  o.a.m.s.f.DefaultMavenResourcesFiltering - skip non existing resourceDirectory D:\Wipro\Code\ServLet\ServDemo\src\test\resources
2025-07-28 16:04:15,087 [Worker-55: Download sources and javadoc] INFO  o.e.m.c.i.e.AbstractTransferListenerAdapter - Downloading https://repo.maven.apache.org/maven2/jakarta/servlet/jakarta.servlet-api/6.0.0/jakarta.servlet-api-6.0.0-sources.jar
2025-07-28 16:04:15,153 [Worker-55: Download sources and javadoc] INFO  o.e.m.c.i.e.AbstractTransferListenerAdapter - Downloaded https://repo.maven.apache.org/maven2/jakarta/servlet/jakarta.servlet-api/6.0.0/jakarta.servlet-api-6.0.0-sources.jar
2025-07-28 16:04:15,159 [Worker-55: Download sources and javadoc] INFO  o.e.m.j.internal.DownloadSourcesJob - Downloaded sources for jakarta.servlet:jakarta.servlet-api:6.0.0
2025-07-28 16:04:15,480 [Worker-53: Building] ERROR o.e.m.c.i.URLConnectionCaches - Unexpected URLConnection defaultUseCaches enabled
2025-07-28 16:04:15,484 [Worker-53: Building] WARN  o.a.m.s.f.DefaultMavenResourcesFiltering - Using platform encoding (UTF-8 actually) to copy filtered resources, i.e. build is platform dependent!
2025-07-28 16:04:15,484 [Worker-53: Building] INFO  o.a.m.s.f.DefaultMavenResourcesFiltering - skip non existing resourceDirectory D:\Wipro\Code\ServLet\ServDemo\src\main\resources
2025-07-28 16:04:15,487 [Worker-53: Building] WARN  o.a.m.s.f.DefaultMavenResourcesFiltering - Using platform encoding (UTF-8 actually) to copy filtered resources, i.e. build is platform dependent!
2025-07-28 16:04:15,487 [Worker-53: Building] INFO  o.a.m.s.f.DefaultMavenResourcesFiltering - skip non existing resourceDirectory D:\Wipro\Code\ServLet\ServDemo\src\test\resources
2025-07-28 16:05:07,761 [Worker-54: Updating Maven Project] INFO  o.e.m.c.i.p.ProjectConfigurationManager - Update started
2025-07-28 16:05:07,780 [Worker-54: Updating Maven Project] ERROR o.e.m.c.i.URLConnectionCaches - Unexpected URLConnection defaultUseCaches enabled
2025-07-28 16:05:08,007 [Worker-54: Updating Maven Project] INFO  o.e.m.c.i.l.LifecycleMappingFactory - Using org.eclipse.m2e.jdt.JarLifecycleMapping lifecycle mapping for MavenProject: com.wipro:servdemo:1.0 @ D:\Wipro\Code\ServLet\ServDemo\pom.xml.
2025-07-28 16:05:08,054 [Worker-54: Updating Maven Project] ERROR o.e.m.c.i.URLConnectionCaches - Unexpected URLConnection defaultUseCaches enabled
2025-07-28 16:05:08,151 [Worker-54: Updating Maven Project] INFO  o.e.m.j.i.AbstractJavaProjectConfigurator - Adding source folder /ServDemo/src/main/java
2025-07-28 16:05:08,152 [Worker-54: Updating Maven Project] INFO  o.e.m.j.i.AbstractJavaProjectConfigurator - Adding resource folder /ServDemo/src/main/resources
2025-07-28 16:05:08,153 [Worker-54: Updating Maven Project] INFO  o.e.m.j.i.AbstractJavaProjectConfigurator - Adding source folder /ServDemo/src/test/java
2025-07-28 16:05:08,154 [Worker-54: Updating Maven Project] INFO  o.e.m.j.i.AbstractJavaProjectConfigurator - Adding resource folder /ServDemo/src/test/resources
2025-07-28 16:05:08,323 [Worker-54: Updating Maven Project] INFO  o.e.m.c.i.p.ProjectConfigurationManager - Update completed for 1 poms: local refresh takes 0.00 sec, refresh facades takes 0.00 sec, update config takes 0.00 sec 
2025-07-28 16:05:08,437 [Worker-48: Building] ERROR o.e.m.c.i.URLConnectionCaches - Unexpected URLConnection defaultUseCaches enabled
2025-07-28 16:05:08,454 [Worker-48: Building] WARN  o.a.m.s.f.DefaultMavenResourcesFiltering - Using platform encoding (UTF-8 actually) to copy filtered resources, i.e. build is platform dependent!
2025-07-28 16:05:08,455 [Worker-48: Building] INFO  o.a.m.s.f.DefaultMavenResourcesFiltering - skip non existing resourceDirectory D:\Wipro\Code\ServLet\ServDemo\src\main\resources
2025-07-28 16:05:08,458 [Worker-48: Building] WARN  o.a.m.s.f.DefaultMavenResourcesFiltering - Using platform encoding (UTF-8 actually) to copy filtered resources, i.e. build is platform dependent!
2025-07-28 16:05:08,458 [Worker-48: Building] INFO  o.a.m.s.f.DefaultMavenResourcesFiltering - skip non existing resourceDirectory D:\Wipro\Code\ServLet\ServDemo\src\test\resources
2025-07-28 16:05:23,766 [Worker-48: Launching Executing install in D__Wipro_Code_ServLet_ServDemo] INFO  o.eclipse.m2e.core.internal.Bundles - getClasspathEntries(Bundle=org.eclipse.m2e.maven.runtime_3.9.900.20250220-2013 [639])
2025-07-28 16:05:23,768 [Worker-48: Launching Executing install in D__Wipro_Code_ServLet_ServDemo] INFO  o.eclipse.m2e.core.internal.Bundles - 	Entry: C:\Users\mahaj\.p2\pool\plugins\org.eclipse.m2e.maven.runtime_3.9.900.20250220-2013
2025-07-28 16:05:23,769 [Worker-48: Launching Executing install in D__Wipro_Code_ServLet_ServDemo] INFO  o.eclipse.m2e.core.internal.Bundles - 	Entry: C:\Users\mahaj\.p2\pool\plugins\org.eclipse.m2e.maven.runtime_3.9.900.20250220-2013\jars\aopalliance-1.0.jar
2025-07-28 16:05:23,769 [Worker-48: Launching Executing install in D__Wipro_Code_ServLet_ServDemo] INFO  o.eclipse.m2e.core.internal.Bundles - 	Entry: C:\Users\mahaj\.p2\pool\plugins\org.eclipse.m2e.maven.runtime_3.9.900.20250220-2013\jars\guice-5.1.0.jar
2025-07-28 16:05:23,769 [Worker-48: Launching Executing install in D__Wipro_Code_ServLet_ServDemo] INFO  o.eclipse.m2e.core.internal.Bundles - 	Entry: C:\Users\mahaj\.p2\pool\plugins\org.eclipse.m2e.maven.runtime_3.9.900.20250220-2013\jars\httpclient-4.5.14.jar
2025-07-28 16:05:23,769 [Worker-48: Launching Executing install in D__Wipro_Code_ServLet_ServDemo] INFO  o.eclipse.m2e.core.internal.Bundles - 	Entry: C:\Users\mahaj\.p2\pool\plugins\org.eclipse.m2e.maven.runtime_3.9.900.20250220-2013\jars\httpcore-4.4.16.jar
2025-07-28 16:05:23,770 [Worker-48: Launching Executing install in D__Wipro_Code_ServLet_ServDemo] INFO  o.eclipse.m2e.core.internal.Bundles - 	Entry: C:\Users\mahaj\.p2\pool\plugins\org.eclipse.m2e.maven.runtime_3.9.900.20250220-2013\jars\jansi-2.4.1.jar
2025-07-28 16:05:23,770 [Worker-48: Launching Executing install in D__Wipro_Code_ServLet_ServDemo] INFO  o.eclipse.m2e.core.internal.Bundles - 	Entry: C:\Users\mahaj\.p2\pool\plugins\org.eclipse.m2e.maven.runtime_3.9.900.20250220-2013\jars\jcl-over-slf4j-1.7.36.jar
2025-07-28 16:05:23,771 [Worker-48: Launching Executing install in D__Wipro_Code_ServLet_ServDemo] INFO  o.eclipse.m2e.core.internal.Bundles - 	Entry: C:\Users\mahaj\.p2\pool\plugins\org.eclipse.m2e.maven.runtime_3.9.900.20250220-2013\jars\maven-artifact-3.9.9.jar
2025-07-28 16:05:23,771 [Worker-48: Launching Executing install in D__Wipro_Code_ServLet_ServDemo] INFO  o.eclipse.m2e.core.internal.Bundles - 	Entry: C:\Users\mahaj\.p2\pool\plugins\org.eclipse.m2e.maven.runtime_3.9.900.20250220-2013\jars\maven-builder-support-3.9.9.jar
2025-07-28 16:05:23,771 [Worker-48: Launching Executing install in D__Wipro_Code_ServLet_ServDemo] INFO  o.eclipse.m2e.core.internal.Bundles - 	Entry: C:\Users\mahaj\.p2\pool\plugins\org.eclipse.m2e.maven.runtime_3.9.900.20250220-2013\jars\maven-compat-3.9.9.jar
2025-07-28 16:05:23,772 [Worker-48: Launching Executing install in D__Wipro_Code_ServLet_ServDemo] INFO  o.eclipse.m2e.core.internal.Bundles - 	Entry: C:\Users\mahaj\.p2\pool\plugins\org.eclipse.m2e.maven.runtime_3.9.900.20250220-2013\jars\maven-core-3.9.9.jar
2025-07-28 16:05:23,772 [Worker-48: Launching Executing install in D__Wipro_Code_ServLet_ServDemo] INFO  o.eclipse.m2e.core.internal.Bundles - 	Entry: C:\Users\mahaj\.p2\pool\plugins\org.eclipse.m2e.maven.runtime_3.9.900.20250220-2013\jars\maven-embedder-3.9.9.jar
2025-07-28 16:05:23,772 [Worker-48: Launching Executing install in D__Wipro_Code_ServLet_ServDemo] INFO  o.eclipse.m2e.core.internal.Bundles - 	Entry: C:\Users\mahaj\.p2\pool\plugins\org.eclipse.m2e.maven.runtime_3.9.900.20250220-2013\jars\maven-model-3.9.9.jar
2025-07-28 16:05:23,773 [Worker-48: Launching Executing install in D__Wipro_Code_ServLet_ServDemo] INFO  o.eclipse.m2e.core.internal.Bundles - 	Entry: C:\Users\mahaj\.p2\pool\plugins\org.eclipse.m2e.maven.runtime_3.9.900.20250220-2013\jars\maven-model-builder-3.9.9.jar
2025-07-28 16:05:23,773 [Worker-48: Launching Executing install in D__Wipro_Code_ServLet_ServDemo] INFO  o.eclipse.m2e.core.internal.Bundles - 	Entry: C:\Users\mahaj\.p2\pool\plugins\org.eclipse.m2e.maven.runtime_3.9.900.20250220-2013\jars\maven-plugin-api-3.9.9.jar
2025-07-28 16:05:23,773 [Worker-48: Launching Executing install in D__Wipro_Code_ServLet_ServDemo] INFO  o.eclipse.m2e.core.internal.Bundles - 	Entry: C:\Users\mahaj\.p2\pool\plugins\org.eclipse.m2e.maven.runtime_3.9.900.20250220-2013\jars\maven-repository-metadata-3.9.9.jar
2025-07-28 16:05:23,774 [Worker-48: Launching Executing install in D__Wipro_Code_ServLet_ServDemo] INFO  o.eclipse.m2e.core.internal.Bundles - 	Entry: C:\Users\mahaj\.p2\pool\plugins\org.eclipse.m2e.maven.runtime_3.9.900.20250220-2013\jars\maven-resolver-api-1.9.22.jar
2025-07-28 16:05:23,774 [Worker-48: Launching Executing install in D__Wipro_Code_ServLet_ServDemo] INFO  o.eclipse.m2e.core.internal.Bundles - 	Entry: C:\Users\mahaj\.p2\pool\plugins\org.eclipse.m2e.maven.runtime_3.9.900.20250220-2013\jars\maven-resolver-connector-basic-1.9.22.jar
2025-07-28 16:05:23,774 [Worker-48: Launching Executing install in D__Wipro_Code_ServLet_ServDemo] INFO  o.eclipse.m2e.core.internal.Bundles - 	Entry: C:\Users\mahaj\.p2\pool\plugins\org.eclipse.m2e.maven.runtime_3.9.900.20250220-2013\jars\maven-resolver-impl-1.9.22.jar
2025-07-28 16:05:23,775 [Worker-48: Launching Executing install in D__Wipro_Code_ServLet_ServDemo] INFO  o.eclipse.m2e.core.internal.Bundles - 	Entry: C:\Users\mahaj\.p2\pool\plugins\org.eclipse.m2e.maven.runtime_3.9.900.20250220-2013\jars\maven-resolver-named-locks-1.9.22.jar
2025-07-28 16:05:23,775 [Worker-48: Launching Executing install in D__Wipro_Code_ServLet_ServDemo] INFO  o.eclipse.m2e.core.internal.Bundles - 	Entry: C:\Users\mahaj\.p2\pool\plugins\org.eclipse.m2e.maven.runtime_3.9.900.20250220-2013\jars\maven-resolver-provider-3.9.9.jar
2025-07-28 16:05:23,775 [Worker-48: Launching Executing install in D__Wipro_Code_ServLet_ServDemo] INFO  o.eclipse.m2e.core.internal.Bundles - 	Entry: C:\Users\mahaj\.p2\pool\plugins\org.eclipse.m2e.maven.runtime_3.9.900.20250220-2013\jars\maven-resolver-spi-1.9.22.jar
2025-07-28 16:05:23,775 [Worker-48: Launching Executing install in D__Wipro_Code_ServLet_ServDemo] INFO  o.eclipse.m2e.core.internal.Bundles - 	Entry: C:\Users\mahaj\.p2\pool\plugins\org.eclipse.m2e.maven.runtime_3.9.900.20250220-2013\jars\maven-resolver-transport-file-1.9.22.jar
2025-07-28 16:05:23,776 [Worker-48: Launching Executing install in D__Wipro_Code_ServLet_ServDemo] INFO  o.eclipse.m2e.core.internal.Bundles - 	Entry: C:\Users\mahaj\.p2\pool\plugins\org.eclipse.m2e.maven.runtime_3.9.900.20250220-2013\jars\maven-resolver-transport-http-1.9.22.jar
2025-07-28 16:05:23,776 [Worker-48: Launching Executing install in D__Wipro_Code_ServLet_ServDemo] INFO  o.eclipse.m2e.core.internal.Bundles - 	Entry: C:\Users\mahaj\.p2\pool\plugins\org.eclipse.m2e.maven.runtime_3.9.900.20250220-2013\jars\maven-resolver-transport-wagon-1.9.22.jar
2025-07-28 16:05:23,776 [Worker-48: Launching Executing install in D__Wipro_Code_ServLet_ServDemo] INFO  o.eclipse.m2e.core.internal.Bundles - 	Entry: C:\Users\mahaj\.p2\pool\plugins\org.eclipse.m2e.maven.runtime_3.9.900.20250220-2013\jars\maven-resolver-util-1.9.22.jar
2025-07-28 16:05:23,777 [Worker-48: Launching Executing install in D__Wipro_Code_ServLet_ServDemo] INFO  o.eclipse.m2e.core.internal.Bundles - 	Entry: C:\Users\mahaj\.p2\pool\plugins\org.eclipse.m2e.maven.runtime_3.9.900.20250220-2013\jars\maven-settings-3.9.9.jar
2025-07-28 16:05:23,777 [Worker-48: Launching Executing install in D__Wipro_Code_ServLet_ServDemo] INFO  o.eclipse.m2e.core.internal.Bundles - 	Entry: C:\Users\mahaj\.p2\pool\plugins\org.eclipse.m2e.maven.runtime_3.9.900.20250220-2013\jars\maven-settings-builder-3.9.9.jar
2025-07-28 16:05:23,777 [Worker-48: Launching Executing install in D__Wipro_Code_ServLet_ServDemo] INFO  o.eclipse.m2e.core.internal.Bundles - 	Entry: C:\Users\mahaj\.p2\pool\plugins\org.eclipse.m2e.maven.runtime_3.9.900.20250220-2013\jars\maven-shared-utils-3.4.2.jar
2025-07-28 16:05:23,777 [Worker-48: Launching Executing install in D__Wipro_Code_ServLet_ServDemo] INFO  o.eclipse.m2e.core.internal.Bundles - 	Entry: C:\Users\mahaj\.p2\pool\plugins\org.eclipse.m2e.maven.runtime_3.9.900.20250220-2013\jars\org.eclipse.sisu.inject-0.9.0.M3.jar
2025-07-28 16:05:23,778 [Worker-48: Launching Executing install in D__Wipro_Code_ServLet_ServDemo] INFO  o.eclipse.m2e.core.internal.Bundles - 	Entry: C:\Users\mahaj\.p2\pool\plugins\org.eclipse.m2e.maven.runtime_3.9.900.20250220-2013\jars\org.eclipse.sisu.plexus-0.9.0.M3.jar
2025-07-28 16:05:23,779 [Worker-48: Launching Executing install in D__Wipro_Code_ServLet_ServDemo] INFO  o.eclipse.m2e.core.internal.Bundles - 	Entry: C:\Users\mahaj\.p2\pool\plugins\org.eclipse.m2e.maven.runtime_3.9.900.20250220-2013\jars\plexus-build-api-0.0.7.jar
2025-07-28 16:05:23,779 [Worker-48: Launching Executing install in D__Wipro_Code_ServLet_ServDemo] INFO  o.eclipse.m2e.core.internal.Bundles - 	Entry: C:\Users\mahaj\.p2\pool\plugins\org.eclipse.m2e.maven.runtime_3.9.900.20250220-2013\jars\plexus-build-api-1.2.0.jar
2025-07-28 16:05:23,779 [Worker-48: Launching Executing install in D__Wipro_Code_ServLet_ServDemo] INFO  o.eclipse.m2e.core.internal.Bundles - 	Entry: C:\Users\mahaj\.p2\pool\plugins\org.eclipse.m2e.maven.runtime_3.9.900.20250220-2013\jars\plexus-cipher-2.0.jar
2025-07-28 16:05:23,779 [Worker-48: Launching Executing install in D__Wipro_Code_ServLet_ServDemo] INFO  o.eclipse.m2e.core.internal.Bundles - 	Entry: C:\Users\mahaj\.p2\pool\plugins\org.eclipse.m2e.maven.runtime_3.9.900.20250220-2013\jars\plexus-classworlds-2.8.0.jar
2025-07-28 16:05:23,781 [Worker-48: Launching Executing install in D__Wipro_Code_ServLet_ServDemo] INFO  o.eclipse.m2e.core.internal.Bundles - 	Entry: C:\Users\mahaj\.p2\pool\plugins\org.eclipse.m2e.maven.runtime_3.9.900.20250220-2013\jars\plexus-component-annotations-2.1.0.jar
2025-07-28 16:05:23,781 [Worker-48: Launching Executing install in D__Wipro_Code_ServLet_ServDemo] INFO  o.eclipse.m2e.core.internal.Bundles - 	Entry: C:\Users\mahaj\.p2\pool\plugins\org.eclipse.m2e.maven.runtime_3.9.900.20250220-2013\jars\plexus-interpolation-1.27.jar
2025-07-28 16:05:23,782 [Worker-48: Launching Executing install in D__Wipro_Code_ServLet_ServDemo] INFO  o.eclipse.m2e.core.internal.Bundles - 	Entry: C:\Users\mahaj\.p2\pool\plugins\org.eclipse.m2e.maven.runtime_3.9.900.20250220-2013\jars\plexus-sec-dispatcher-2.0.jar
2025-07-28 16:05:23,782 [Worker-48: Launching Executing install in D__Wipro_Code_ServLet_ServDemo] INFO  o.eclipse.m2e.core.internal.Bundles - 	Entry: C:\Users\mahaj\.p2\pool\plugins\org.eclipse.m2e.maven.runtime_3.9.900.20250220-2013\jars\plexus-utils-3.5.1.jar
2025-07-28 16:05:23,782 [Worker-48: Launching Executing install in D__Wipro_Code_ServLet_ServDemo] INFO  o.eclipse.m2e.core.internal.Bundles - 	Entry: C:\Users\mahaj\.p2\pool\plugins\org.eclipse.m2e.maven.runtime_3.9.900.20250220-2013\jars\plexus-xml-3.0.1.jar
2025-07-28 16:05:23,782 [Worker-48: Launching Executing install in D__Wipro_Code_ServLet_ServDemo] INFO  o.eclipse.m2e.core.internal.Bundles - 	Entry: C:\Users\mahaj\.p2\pool\plugins\org.eclipse.m2e.maven.runtime_3.9.900.20250220-2013\jars\wagon-file-3.5.3.jar
2025-07-28 16:05:23,783 [Worker-48: Launching Executing install in D__Wipro_Code_ServLet_ServDemo] INFO  o.eclipse.m2e.core.internal.Bundles - 	Entry: C:\Users\mahaj\.p2\pool\plugins\org.eclipse.m2e.maven.runtime_3.9.900.20250220-2013\jars\wagon-http-3.5.3.jar
2025-07-28 16:05:23,783 [Worker-48: Launching Executing install in D__Wipro_Code_ServLet_ServDemo] INFO  o.eclipse.m2e.core.internal.Bundles - 	Entry: C:\Users\mahaj\.p2\pool\plugins\org.eclipse.m2e.maven.runtime_3.9.900.20250220-2013\jars\wagon-http-shared-3.5.3.jar
2025-07-28 16:05:23,783 [Worker-48: Launching Executing install in D__Wipro_Code_ServLet_ServDemo] INFO  o.eclipse.m2e.core.internal.Bundles - 	Entry: C:\Users\mahaj\.p2\pool\plugins\org.eclipse.m2e.maven.runtime_3.9.900.20250220-2013\jars\wagon-provider-api-3.5.3.jar
2025-07-28 16:05:23,784 [Worker-48: Launching Executing install in D__Wipro_Code_ServLet_ServDemo] INFO  o.eclipse.m2e.core.internal.Bundles - getClasspathEntries(Bundle=com.google.guava_33.4.8.jre [18])
2025-07-28 16:05:23,785 [Worker-48: Launching Executing install in D__Wipro_Code_ServLet_ServDemo] INFO  o.eclipse.m2e.core.internal.Bundles - 	Entry: C:\Users\mahaj\.p2\pool\plugins\com.google.guava_33.4.8.jre.jar
2025-07-28 16:05:23,785 [Worker-48: Launching Executing install in D__Wipro_Code_ServLet_ServDemo] INFO  o.eclipse.m2e.core.internal.Bundles - getClasspathEntries(Bundle=slf4j.api_2.0.17 [1004])
2025-07-28 16:05:23,785 [Worker-48: Launching Executing install in D__Wipro_Code_ServLet_ServDemo] INFO  o.eclipse.m2e.core.internal.Bundles - 	Entry: C:\Users\mahaj\.p2\pool\plugins\slf4j.api_2.0.17.jar
2025-07-28 16:05:23,785 [Worker-48: Launching Executing install in D__Wipro_Code_ServLet_ServDemo] INFO  o.eclipse.m2e.core.internal.Bundles - getClasspathEntries(Bundle=jakarta.inject.jakarta.inject-api_1.0.5 [35])
2025-07-28 16:05:23,786 [Worker-48: Launching Executing install in D__Wipro_Code_ServLet_ServDemo] INFO  o.eclipse.m2e.core.internal.Bundles - 	Entry: C:\Users\mahaj\.p2\pool\plugins\jakarta.inject.jakarta.inject-api_1.0.5.jar
2025-07-28 16:05:23,786 [Worker-48: Launching Executing install in D__Wipro_Code_ServLet_ServDemo] INFO  o.eclipse.m2e.core.internal.Bundles - getClasspathEntries(Bundle=javax.annotation_1.3.5.v20200909-1856 [45])
2025-07-28 16:05:23,786 [Worker-48: Launching Executing install in D__Wipro_Code_ServLet_ServDemo] INFO  o.eclipse.m2e.core.internal.Bundles - 	Entry: C:\Users\mahaj\.p2\pool\plugins\javax.annotation_1.3.5.v20200909-1856.jar
2025-07-28 16:05:23,786 [Worker-48: Launching Executing install in D__Wipro_Code_ServLet_ServDemo] INFO  o.eclipse.m2e.core.internal.Bundles - getClasspathEntries(Bundle=org.apache.commons.cli_1.9.0 [76])
2025-07-28 16:05:23,787 [Worker-48: Launching Executing install in D__Wipro_Code_ServLet_ServDemo] INFO  o.eclipse.m2e.core.internal.Bundles - 	Entry: C:\Users\mahaj\.p2\pool\plugins\org.apache.commons.cli_1.9.0.jar
2025-07-28 16:05:23,787 [Worker-48: Launching Executing install in D__Wipro_Code_ServLet_ServDemo] INFO  o.eclipse.m2e.core.internal.Bundles - getClasspathEntries(Bundle=org.apache.commons.commons-codec_1.16.0 [78])
2025-07-28 16:05:23,787 [Worker-48: Launching Executing install in D__Wipro_Code_ServLet_ServDemo] INFO  o.eclipse.m2e.core.internal.Bundles - 	Entry: C:\Users\mahaj\.p2\pool\plugins\org.apache.commons.commons-codec_1.16.0.jar
2025-07-28 16:05:23,788 [Worker-48: Launching Executing install in D__Wipro_Code_ServLet_ServDemo] INFO  o.eclipse.m2e.core.internal.Bundles - getClasspathEntries(Bundle=com.google.guava.failureaccess_1.0.3 [19])
2025-07-28 16:05:23,788 [Worker-48: Launching Executing install in D__Wipro_Code_ServLet_ServDemo] INFO  o.eclipse.m2e.core.internal.Bundles - 	Entry: C:\Users\mahaj\.p2\pool\plugins\com.google.guava.failureaccess_1.0.3.jar
2025-07-28 16:05:23,791 [Worker-48: Launching Executing install in D__Wipro_Code_ServLet_ServDemo] INFO  o.e.m.i.launch.MavenLaunchDelegate - Run build in "D:\Wipro\Code\ServLet\ServDemo":
2025-07-28 16:05:23,795 [Worker-48: Launching Executing install in D__Wipro_Code_ServLet_ServDemo] INFO  o.e.m.i.launch.MavenLaunchDelegate -  mvn  -B -Dstyle.color=always install
2025-07-28 16:05:29,911 [Worker-44: Building] ERROR o.e.m.c.i.URLConnectionCaches - Unexpected URLConnection defaultUseCaches enabled
2025-07-28 16:08:21,426 [Worker-49: Updating Maven Project] INFO  o.e.m.c.i.p.ProjectConfigurationManager - Update started
2025-07-28 16:08:21,451 [Worker-49: Updating Maven Project] ERROR o.e.m.c.i.URLConnectionCaches - Unexpected URLConnection defaultUseCaches enabled
2025-07-28 16:08:21,701 [Worker-49: Updating Maven Project] INFO  o.e.m.c.i.l.LifecycleMappingFactory - Using org.eclipse.m2e.jdt.JarLifecycleMapping lifecycle mapping for MavenProject: com.wipro:servdemo:1.0 @ D:\Wipro\Code\ServLet\ServDemo\pom.xml.
2025-07-28 16:08:21,776 [Worker-49: Updating Maven Project] ERROR o.e.m.c.i.URLConnectionCaches - Unexpected URLConnection defaultUseCaches enabled
2025-07-28 16:08:21,873 [Worker-49: Updating Maven Project] INFO  o.e.m.j.i.AbstractJavaProjectConfigurator - Adding source folder /ServDemo/src/main/java
2025-07-28 16:08:21,874 [Worker-49: Updating Maven Project] INFO  o.e.m.j.i.AbstractJavaProjectConfigurator - Adding resource folder /ServDemo/src/main/resources
2025-07-28 16:08:21,874 [Worker-49: Updating Maven Project] INFO  o.e.m.j.i.AbstractJavaProjectConfigurator - Adding source folder /ServDemo/src/test/java
2025-07-28 16:08:21,875 [Worker-49: Updating Maven Project] INFO  o.e.m.j.i.AbstractJavaProjectConfigurator - Adding resource folder /ServDemo/src/test/resources
2025-07-28 16:08:22,106 [Worker-49: Updating Maven Project] INFO  o.e.m.c.i.p.ProjectConfigurationManager - Update completed for 1 poms: local refresh takes 0.00 sec, refresh facades takes 0.00 sec, update config takes 0.00 sec 
2025-07-28 16:08:22,227 [Worker-52: Building] ERROR o.e.m.c.i.URLConnectionCaches - Unexpected URLConnection defaultUseCaches enabled
2025-07-28 16:08:22,245 [Worker-52: Building] WARN  o.a.m.s.f.DefaultMavenResourcesFiltering - Using platform encoding (UTF-8 actually) to copy filtered resources, i.e. build is platform dependent!
2025-07-28 16:08:22,246 [Worker-52: Building] INFO  o.a.m.s.f.DefaultMavenResourcesFiltering - skip non existing resourceDirectory D:\Wipro\Code\ServLet\ServDemo\src\main\resources
2025-07-28 16:08:22,249 [Worker-52: Building] WARN  o.a.m.s.f.DefaultMavenResourcesFiltering - Using platform encoding (UTF-8 actually) to copy filtered resources, i.e. build is platform dependent!
2025-07-28 16:08:22,250 [Worker-52: Building] INFO  o.a.m.s.f.DefaultMavenResourcesFiltering - skip non existing resourceDirectory D:\Wipro\Code\ServLet\ServDemo\src\test\resources
2025-07-28 16:17:46,465 [Worker-49: Building] ERROR o.e.m.c.i.URLConnectionCaches - Unexpected URLConnection defaultUseCaches enabled
2025-07-28 16:18:58,188 [Worker-57: Building] ERROR o.e.m.c.i.URLConnectionCaches - Unexpected URLConnection defaultUseCaches enabled
2025-07-28 16:18:58,203 [Worker-57: Building] WARN  o.a.m.s.f.DefaultMavenResourcesFiltering - Using platform encoding (UTF-8 actually) to copy filtered resources, i.e. build is platform dependent!
2025-07-28 16:18:58,204 [Worker-57: Building] INFO  o.a.m.s.f.DefaultMavenResourcesFiltering - skip non existing resourceDirectory D:\Wipro\Code\ServLet\ServDemo\src\main\resources
2025-07-28 16:18:58,213 [Worker-57: Building] WARN  o.a.m.s.f.DefaultMavenResourcesFiltering - Using platform encoding (UTF-8 actually) to copy filtered resources, i.e. build is platform dependent!
2025-07-28 16:18:58,215 [Worker-57: Building] INFO  o.a.m.s.f.DefaultMavenResourcesFiltering - skip non existing resourceDirectory D:\Wipro\Code\ServLet\ServDemo\src\test\resources
2025-07-28 16:20:22,934 [Worker-52: Building] ERROR o.e.m.c.i.URLConnectionCaches - Unexpected URLConnection defaultUseCaches enabled
2025-07-28 16:20:22,938 [Worker-52: Building] WARN  o.a.m.s.f.DefaultMavenResourcesFiltering - Using platform encoding (UTF-8 actually) to copy filtered resources, i.e. build is platform dependent!
2025-07-28 16:20:22,939 [Worker-52: Building] INFO  o.a.m.s.f.DefaultMavenResourcesFiltering - skip non existing resourceDirectory D:\Wipro\Code\ServLet\ServDemo\src\main\resources
2025-07-28 16:20:22,941 [Worker-52: Building] WARN  o.a.m.s.f.DefaultMavenResourcesFiltering - Using platform encoding (UTF-8 actually) to copy filtered resources, i.e. build is platform dependent!
2025-07-28 16:20:22,942 [Worker-52: Building] INFO  o.a.m.s.f.DefaultMavenResourcesFiltering - skip non existing resourceDirectory D:\Wipro\Code\ServLet\ServDemo\src\test\resources
2025-07-28 16:24:44,859 [Worker-50: Building] ERROR o.e.m.c.i.URLConnectionCaches - Unexpected URLConnection defaultUseCaches enabled
2025-07-28 16:24:44,863 [Worker-50: Building] WARN  o.a.m.s.f.DefaultMavenResourcesFiltering - Using platform encoding (UTF-8 actually) to copy filtered resources, i.e. build is platform dependent!
2025-07-28 16:24:44,864 [Worker-50: Building] INFO  o.a.m.s.f.DefaultMavenResourcesFiltering - skip non existing resourceDirectory D:\Wipro\Code\ServLet\ServDemo\src\main\resources
2025-07-28 16:24:44,867 [Worker-50: Building] WARN  o.a.m.s.f.DefaultMavenResourcesFiltering - Using platform encoding (UTF-8 actually) to copy filtered resources, i.e. build is platform dependent!
2025-07-28 16:24:44,867 [Worker-50: Building] INFO  o.a.m.s.f.DefaultMavenResourcesFiltering - skip non existing resourceDirectory D:\Wipro\Code\ServLet\ServDemo\src\test\resources
2025-07-28 16:33:32,692 [Worker-4: Loading available Gradle versions] INFO  o.e.b.c.i.u.g.PublishedGradleVersions - Gradle version information cache is up-to-date. Trying to read.
2025-07-28 16:39:22,562 [Worker-3: Building] WARN  o.a.m.s.f.DefaultMavenResourcesFiltering - Using platform encoding (UTF-8 actually) to copy filtered resources, i.e. build is platform dependent!
2025-07-28 16:39:22,564 [Worker-3: Building] INFO  o.a.m.s.f.DefaultMavenResourcesFiltering - skip non existing resourceDirectory D:\Wipro\Code\ServLet\ServDemo\src\main\resources
2025-07-28 16:39:22,568 [Worker-3: Building] WARN  o.a.m.s.f.DefaultMavenResourcesFiltering - Using platform encoding (UTF-8 actually) to copy filtered resources, i.e. build is platform dependent!
2025-07-28 16:39:22,568 [Worker-3: Building] INFO  o.a.m.s.f.DefaultMavenResourcesFiltering - skip non existing resourceDirectory D:\Wipro\Code\ServLet\ServDemo\src\test\resources
2025-07-28 16:39:33,181 [Worker-3: Building] WARN  o.a.m.s.f.DefaultMavenResourcesFiltering - Using platform encoding (UTF-8 actually) to copy filtered resources, i.e. build is platform dependent!
2025-07-28 16:39:33,181 [Worker-3: Building] INFO  o.a.m.s.f.DefaultMavenResourcesFiltering - skip non existing resourceDirectory D:\Wipro\Code\ServLet\ServDemo\src\main\resources
2025-07-28 16:39:33,183 [Worker-3: Building] WARN  o.a.m.s.f.DefaultMavenResourcesFiltering - Using platform encoding (UTF-8 actually) to copy filtered resources, i.e. build is platform dependent!
2025-07-28 16:39:33,184 [Worker-3: Building] INFO  o.a.m.s.f.DefaultMavenResourcesFiltering - skip non existing resourceDirectory D:\Wipro\Code\ServLet\ServDemo\src\test\resources
2025-07-28 16:42:20,164 [Worker-23: Building] WARN  o.a.m.s.f.DefaultMavenResourcesFiltering - Using platform encoding (UTF-8 actually) to copy filtered resources, i.e. build is platform dependent!
2025-07-28 16:42:20,165 [Worker-23: Building] INFO  o.a.m.s.f.DefaultMavenResourcesFiltering - skip non existing resourceDirectory D:\Wipro\Code\ServLet\ServDemo\src\main\resources
2025-07-28 16:42:20,168 [Worker-23: Building] WARN  o.a.m.s.f.DefaultMavenResourcesFiltering - Using platform encoding (UTF-8 actually) to copy filtered resources, i.e. build is platform dependent!
2025-07-28 16:42:20,169 [Worker-23: Building] INFO  o.a.m.s.f.DefaultMavenResourcesFiltering - skip non existing resourceDirectory D:\Wipro\Code\ServLet\ServDemo\src\test\resources
